<?xml version="1.0" encoding="UTF-8"?>
<!-- Generated by org.testng.reporters.JUnitXMLReporter -->
<testsuite hostname="MOHAMMEDs-MacBook-Pro.local" tests="6" failures="0" timestamp="2 Mar 2018 23:03:29 GMT" time="55.162" errors="0">
  <testcase name="Test_Case1" time="25.918" classname="TestCase2"/>
  <testcase name="close" time="0.073" classname="TestCase2"/>
  <testcase name="Test_Case1" time="14.499" classname="TestCase3"/>
  <testcase name="close" time="0.072" classname="TestCase3"/>
  <testcase name="Test_Case1" time="14.516" classname="TestCaseOne"/>
  <testcase name="close" time="0.071" classname="TestCaseOne"/>
</testsuite>
