<?xml version="1.0" encoding="UTF-8"?>
<testng-results skipped="0" failed="0" total="6" passed="6">
  <reporter-output>
  </reporter-output>
  <suite name="Command line suite" duration-ms="55162" started-at="2018-03-02T23:02:34Z" finished-at="2018-03-02T23:03:29Z">
    <groups>
    </groups>
    <test name="Command line test" duration-ms="55162" started-at="2018-03-02T23:02:34Z" finished-at="2018-03-02T23:03:29Z">
      <class name="TestCaseOne">
        <test-method status="PASS" signature="Test_Case1()[pri:0, instance:TestCaseOne@2c6a3f77]" name="Test_Case1" duration-ms="14516" started-at="2018-03-02T15:03:14Z" finished-at="2018-03-02T15:03:29Z">
          <reporter-output>
          </reporter-output>
        </test-method> <!-- Test_Case1 -->
        <test-method status="PASS" signature="close()[pri:0, instance:TestCaseOne@2c6a3f77]" name="close" duration-ms="71" started-at="2018-03-02T15:03:29Z" finished-at="2018-03-02T15:03:29Z">
          <reporter-output>
          </reporter-output>
        </test-method> <!-- close -->
      </class> <!-- TestCaseOne -->
      <class name="TestCase3">
        <test-method status="PASS" signature="Test_Case1()[pri:0, instance:TestCase3@327471b5]" name="Test_Case1" duration-ms="14499" started-at="2018-03-02T15:03:00Z" finished-at="2018-03-02T15:03:14Z">
          <reporter-output>
          </reporter-output>
        </test-method> <!-- Test_Case1 -->
        <test-method status="PASS" signature="close()[pri:0, instance:TestCase3@327471b5]" name="close" duration-ms="72" started-at="2018-03-02T15:03:14Z" finished-at="2018-03-02T15:03:14Z">
          <reporter-output>
          </reporter-output>
        </test-method> <!-- close -->
      </class> <!-- TestCase3 -->
      <class name="TestCase2">
        <test-method status="PASS" signature="beforeMethod()[pri:0, instance:TestCase2@47f6473]" name="beforeMethod" is-config="true" duration-ms="4" started-at="2018-03-02T15:02:34Z" finished-at="2018-03-02T15:02:34Z">
          <reporter-output>
          </reporter-output>
        </test-method> <!-- beforeMethod -->
        <test-method status="PASS" signature="Test_Case1()[pri:0, instance:TestCase2@47f6473]" name="Test_Case1" duration-ms="25918" started-at="2018-03-02T15:02:34Z" finished-at="2018-03-02T15:03:00Z">
          <reporter-output>
          </reporter-output>
        </test-method> <!-- Test_Case1 -->
        <test-method status="PASS" signature="afterMethod()[pri:0, instance:TestCase2@47f6473]" name="afterMethod" is-config="true" duration-ms="0" started-at="2018-03-02T15:03:00Z" finished-at="2018-03-02T15:03:00Z">
          <reporter-output>
          </reporter-output>
        </test-method> <!-- afterMethod -->
        <test-method status="PASS" signature="beforeMethod()[pri:0, instance:TestCase2@47f6473]" name="beforeMethod" is-config="true" duration-ms="1" started-at="2018-03-02T15:03:00Z" finished-at="2018-03-02T15:03:00Z">
          <reporter-output>
          </reporter-output>
        </test-method> <!-- beforeMethod -->
        <test-method status="PASS" signature="close()[pri:0, instance:TestCase2@47f6473]" name="close" duration-ms="73" started-at="2018-03-02T15:03:00Z" finished-at="2018-03-02T15:03:00Z">
          <reporter-output>
          </reporter-output>
        </test-method> <!-- close -->
        <test-method status="PASS" signature="afterMethod()[pri:0, instance:TestCase2@47f6473]" name="afterMethod" is-config="true" duration-ms="0" started-at="2018-03-02T15:03:00Z" finished-at="2018-03-02T15:03:00Z">
          <reporter-output>
          </reporter-output>
        </test-method> <!-- afterMethod -->
      </class> <!-- TestCase2 -->
    </test> <!-- Command line test -->
  </suite> <!-- Command line suite -->
</testng-results>
