<?xml version="1.0" encoding="UTF-8"?>
<testng-results skipped="0" failed="0" total="2" passed="2">
  <reporter-output>
  </reporter-output>
  <suite name="Default suite" duration-ms="25928" started-at="2018-03-02T22:59:47Z" finished-at="2018-03-02T23:00:13Z">
    <groups>
    </groups>
    <test name="Default test" duration-ms="25928" started-at="2018-03-02T22:59:47Z" finished-at="2018-03-02T23:00:13Z">
      <class name="TestCase2">
        <test-method status="PASS" signature="beforeMethod()[pri:0, instance:TestCase2@6debcae2]" name="beforeMethod" is-config="true" duration-ms="5" started-at="2018-03-02T14:59:47Z" finished-at="2018-03-02T14:59:47Z">
          <reporter-output>
          </reporter-output>
        </test-method> <!-- beforeMethod -->
        <test-method status="PASS" signature="Test_Case1()[pri:0, instance:TestCase2@6debcae2]" name="Test_Case1" duration-ms="25837" started-at="2018-03-02T14:59:47Z" finished-at="2018-03-02T15:00:13Z">
          <reporter-output>
          </reporter-output>
        </test-method> <!-- Test_Case1 -->
        <test-method status="PASS" signature="afterMethod()[pri:0, instance:TestCase2@6debcae2]" name="afterMethod" is-config="true" duration-ms="1" started-at="2018-03-02T15:00:13Z" finished-at="2018-03-02T15:00:13Z">
          <reporter-output>
          </reporter-output>
        </test-method> <!-- afterMethod -->
        <test-method status="PASS" signature="beforeMethod()[pri:0, instance:TestCase2@6debcae2]" name="beforeMethod" is-config="true" duration-ms="0" started-at="2018-03-02T15:00:13Z" finished-at="2018-03-02T15:00:13Z">
          <reporter-output>
          </reporter-output>
        </test-method> <!-- beforeMethod -->
        <test-method status="PASS" signature="close()[pri:0, instance:TestCase2@6debcae2]" name="close" duration-ms="74" started-at="2018-03-02T15:00:13Z" finished-at="2018-03-02T15:00:13Z">
          <reporter-output>
          </reporter-output>
        </test-method> <!-- close -->
        <test-method status="PASS" signature="afterMethod()[pri:0, instance:TestCase2@6debcae2]" name="afterMethod" is-config="true" duration-ms="0" started-at="2018-03-02T15:00:13Z" finished-at="2018-03-02T15:00:13Z">
          <reporter-output>
          </reporter-output>
        </test-method> <!-- afterMethod -->
      </class> <!-- TestCase2 -->
    </test> <!-- Default test -->
  </suite> <!-- Default suite -->
</testng-results>
